<?xml version="1.0" encoding="UTF-8"?>
<coverage generated="1689010179040" clover="3.2.0">
  <project timestamp="1689010179040" name="All files">
    <metrics statements="10" coveredstatements="8" conditionals="3" coveredconditionals="3" methods="5" coveredmethods="3" elements="18" coveredelements="14" complexity="0" loc="10" ncloc="10" packages="2" files="2" classes="2"/>
    <package name="store">
      <metrics statements="6" coveredstatements="4" conditionals="0" coveredconditionals="0" methods="3" coveredmethods="1"/>
      <file name="actions.js" path="/Users/triciasawyer/projects/courses/code-401/store-front/src/store/actions.js">
        <metrics statements="6" coveredstatements="4" conditionals="0" coveredconditionals="0" methods="3" coveredmethods="1"/>
        <line num="1" count="1" type="stmt"/>
        <line num="2" count="1" type="stmt"/>
        <line num="8" count="1" type="stmt"/>
        <line num="9" count="0" type="stmt"/>
        <line num="15" count="1" type="stmt"/>
        <line num="16" count="0" type="stmt"/>
      </file>
    </package>
    <package name="store.products">
      <metrics statements="4" coveredstatements="4" conditionals="3" coveredconditionals="3" methods="2" coveredmethods="2"/>
      <file name="index.js" path="/Users/triciasawyer/projects/courses/code-401/store-front/src/store/products/index.js">
        <metrics statements="4" coveredstatements="4" conditionals="3" coveredconditionals="3" methods="2" coveredmethods="2"/>
        <line num="1" count="1" type="stmt"/>
        <line num="14" count="4" type="cond" truecount="2" falsecount="0"/>
        <line num="16" count="7" type="stmt"/>
        <line num="18" count="3" type="stmt"/>
      </file>
    </package>
  </project>
</coverage>
