{"/Users/triciasawyer/projects/courses/code-401/store-front/src/Components/Footer/index.jsx": {"path":"/Users/triciasawyer/projects/courses/code-401/store-front/src/Components/Footer/index.jsx","statementMap":{"0":{"start":{"line":5,"column":2},"end":{"line":9,"column":3}}},"fnMap":{"0":{"name":"Footer","decl":{"start":{"line":3,"column":9},"end":{"line":3,"column":15}},"loc":{"start":{"line":3,"column":18},"end":{"line":10,"column":1}},"line":3}},"branchMap":{},"s":{"0":1},"f":{"0":1},"b":{},"_coverageSchema":"1a1c01bbd47fc00a2c39e90264f33305004495a9","hash":"c01c094c32dd1485a05027903b86de6aac0d1453"}
}
