TN:
SF:src/Components/Footer/index.jsx
FN:3,Footer
FNF:1
FNH:1
FNDA:1,Footer
DA:5,1
LF:1
LH:1
BRF:0
BRH:0
end_of_record
TN:
SF:src/Components/Header/index.jsx
FN:5,Header
FN:6,(anonymous_1)
FNF:2
FNH:2
FNDA:2,Header
FNDA:4,(anonymous_1)
DA:6,4
DA:7,2
LF:2
LH:2
BRF:0
BRH:0
end_of_record
TN:
SF:src/Components/Products/index.jsx
FN:12,Products
FN:13,(anonymous_1)
FN:14,(anonymous_2)
FN:24,(anonymous_3)
FN:41,(anonymous_4)
FNF:5
FNH:4
FNDA:2,Products
FNDA:2,(anonymous_1)
FNDA:2,(anonymous_2)
FNDA:2,(anonymous_3)
FNDA:0,(anonymous_4)
DA:13,2
DA:14,2
DA:16,2
DA:17,2
DA:25,2
DA:41,0
LF:6
LH:5
BRDA:40,0,0,0
BRDA:40,0,1,2
BRF:2
BRH:1
end_of_record
TN:
SF:src/store/actions.js
FN:1,(anonymous_0)
FN:8,(anonymous_1)
FN:15,(anonymous_2)
FNF:3
FNH:1
FNDA:1,(anonymous_0)
FNDA:0,(anonymous_1)
FNDA:0,(anonymous_2)
DA:1,2
DA:2,1
DA:8,2
DA:9,0
DA:15,2
DA:16,0
LF:6
LH:4
BRF:0
BRH:0
end_of_record
TN:
SF:src/store/index.js
FN:13,(anonymous_0)
FNF:1
FNH:1
FNDA:1,(anonymous_0)
DA:7,1
DA:13,1
LF:2
LH:2
BRF:0
BRH:0
end_of_record
TN:
SF:src/store/cart/index.js
FN:3,cartReducer
FN:15,(anonymous_1)
FNF:2
FNH:2
FNDA:6,cartReducer
FNDA:2,(anonymous_1)
DA:1,2
DA:4,6
DA:6,1
DA:15,2
DA:16,1
DA:17,1
DA:18,1
DA:19,1
DA:24,0
DA:26,4
LF:10
LH:9
BRDA:3,0,0,3
BRDA:4,1,0,1
BRDA:4,1,1,1
BRDA:4,1,2,4
BRDA:16,2,0,1
BRDA:16,2,1,0
BRF:6
BRH:5
end_of_record
TN:
SF:src/store/categories/index.js
FN:11,categoryReducer
FNF:1
FNH:1
FNDA:5,categoryReducer
DA:1,2
DA:12,5
DA:14,1
DA:19,4
LF:4
LH:4
BRDA:11,0,0,3
BRDA:12,1,0,1
BRDA:12,1,1,4
BRF:3
BRH:3
end_of_record
TN:
SF:src/store/products/index.js
FN:13,productsReducer
FN:16,(anonymous_1)
FNF:2
FNH:2
FNDA:7,productsReducer
FNDA:7,(anonymous_1)
DA:1,2
DA:14,7
DA:16,7
DA:18,6
LF:4
LH:4
BRDA:13,0,0,6
BRDA:14,1,0,1
BRDA:14,1,1,6
BRF:3
BRH:3
end_of_record
